<?xml version="1.0" encoding="UTF-8"?>
<!-- Generated by org.testng.reporters.JUnitReportReporter -->
<testsuite hostname="lgvn11253" name="dashboard.test_module.panel.DA_PANEL_TC042" tests="1" failures="0" timestamp="28 Aug 2015 04:00:55 GMT" time="193.311" errors="0">
  <testcase name="DA_PANEL_TC042_TC" time="193.311" classname="dashboard.test_module.panel.DA_PANEL_TC042"/>
</testsuite> <!-- dashboard.test_module.panel.DA_PANEL_TC042 -->
