<?xml version="1.0" encoding="UTF-8"?>
<!-- Generated by org.testng.reporters.JUnitReportReporter -->
<testsuite hostname="Thuong_Le" name="dashboard.test_module.DA_MP_TO020" tests="1" failures="0" timestamp="22 Aug 2015 16:39:43 GMT" time="53.325" errors="0">
  <testcase name="DA_MP_TC020_TC" time="53.325" classname="dashboard.test_module.DA_MP_TO020"/>
</testsuite> <!-- dashboard.test_module.DA_MP_TO020 -->
