<?xml version="1.0" encoding="UTF-8"?>
<!-- Generated by org.testng.reporters.JUnitReportReporter -->
<testsuite hostname="LGVN14944" name="dashboard.test_module.mainpage.DA_MP_TC019" tests="1" failures="0" timestamp="4 Sep 2015 18:06:08 GMT" time="10.366" errors="0">
  <testcase name="main" time="10.366" classname="dashboard.test_module.mainpage.DA_MP_TC019"/>
</testsuite> <!-- dashboard.test_module.mainpage.DA_MP_TC019 -->
