<?xml version="1.0" encoding="UTF-8"?>
<!-- Generated by org.testng.reporters.JUnitReportReporter -->
<testsuite hostname="lgvn11253" name="dashboard.test_module.dataprofile.DA_DP_TC088" tests="1" failures="0" timestamp="17 Sep 2015 09:21:37 GMT" time="46.487" errors="0">
  <testcase name="DA_DP_TC088_TC" time="46.487" classname="dashboard.test_module.dataprofile.DA_DP_TC088"/>
</testsuite> <!-- dashboard.test_module.dataprofile.DA_DP_TC088 -->
