<?xml version="1.0" encoding="UTF-8"?>
<!-- Generated by org.testng.reporters.JUnitReportReporter -->
<testsuite hostname="LGVN14944" name="dashboard.test_module.panel.DA_PANEL_TC_034" tests="1" failures="0" timestamp="4 Sep 2015 19:15:35 GMT" time="1.735" errors="0">
  <testcase name="main" time="1.735" classname="dashboard.test_module.panel.DA_PANEL_TC_034"/>
</testsuite> <!-- dashboard.test_module.panel.DA_PANEL_TC_034 -->
