<?xml version="1.0" encoding="UTF-8"?>
<!-- Generated by org.testng.reporters.JUnitReportReporter -->
<testsuite hostname="PC" name="dashboard.test_module.panel.DA_PANEL_TC041" tests="1" failures="0" timestamp="30 Aug 2015 14:48:54 GMT" time="16.149" errors="0">
  <testcase name="DA_PANEL_TC041_TC" time="16.149" classname="dashboard.test_module.panel.DA_PANEL_TC041"/>
</testsuite> <!-- dashboard.test_module.panel.DA_PANEL_TC041 -->
