<?xml version="1.0" encoding="UTF-8"?>
<!-- Generated by org.testng.reporters.JUnitReportReporter -->
<testsuite hostname="PC" name="dashboard.test_module.panel.DA_PANEL_TC043" tests="1" failures="0" timestamp="2 Sep 2015 17:31:54 GMT" time="7.936" errors="0">
  <testcase name="DA_PANEL_TC043_TC" time="7.936" classname="dashboard.test_module.panel.DA_PANEL_TC043"/>
</testsuite> <!-- dashboard.test_module.panel.DA_PANEL_TC043 -->
