<?xml version="1.0" encoding="UTF-8"?>
<!-- Generated by org.testng.reporters.JUnitReportReporter -->
<testsuite hostname="PC" name="dashboard.test_module.panel.DA_PANEL_TC036" tests="1" failures="0" timestamp="26 Aug 2015 17:54:31 GMT" time="0.007" errors="0">
  <testcase name="DA_PANEL_TC040_TC" time="0.007" classname="dashboard.test_module.panel.DA_PANEL_TC036"/>
</testsuite> <!-- dashboard.test_module.panel.DA_PANEL_TC036 -->
