<?xml version="1.0" encoding="UTF-8"?>
<!-- Generated by org.testng.reporters.JUnitReportReporter -->
<testsuite hostname="Thuong_Le" name="dashboard.test_module.mainpage.DA_MP_TC020" tests="1" failures="0" timestamp="23 Aug 2015 12:49:20 GMT" time="12.564" errors="0">
  <testcase name="DA_MP_TC020_TC" time="12.564" classname="dashboard.test_module.mainpage.DA_MP_TC020"/>
</testsuite> <!-- dashboard.test_module.mainpage.DA_MP_TC020 -->
