<?xml version="1.0" encoding="UTF-8"?>
<!-- Generated by org.testng.reporters.JUnitReportReporter -->
<<<<<<< HEAD
<testsuite hostname="PC" name="dashboard.test_module.dataprofile.DA_DP_TC088" tests="1" failures="0" timestamp="16 Sep 2015 18:46:50 GMT" time="7.977" errors="0">
  <testcase name="DA_DP_TC088_TC" time="7.977" classname="dashboard.test_module.dataprofile.DA_DP_TC088"/>
=======
<testsuite hostname="lgvn11253" name="dashboard.test_module.dataprofile.DA_DP_TC088" tests="1" failures="0" timestamp="17 Sep 2015 09:21:37 GMT" time="46.487" errors="0">
  <testcase name="DA_DP_TC088_TC" time="46.487" classname="dashboard.test_module.dataprofile.DA_DP_TC088"/>
>>>>>>> branch 'master' of https://tnkhuong@bitbucket.org/tnkhuong/selenium_webdriver.git
</testsuite> <!-- dashboard.test_module.dataprofile.DA_DP_TC088 -->
