<?xml version="1.0" encoding="UTF-8"?>
<!-- Generated by org.testng.reporters.JUnitReportReporter -->
<testsuite skipped="0" hostname="PC" name="demo.testcase.DemoTestCase" tests="1" failures="0" timestamp="11 Oct 2016 17:34:13 GMT" time="4.355" errors="0">
  <testcase name="f" time="4.355" classname="demo.testcase.DemoTestCase"/>
</testsuite> <!-- demo.testcase.DemoTestCase -->
