<?xml version="1.0" encoding="UTF-8"?>
<!-- Generated by org.testng.reporters.JUnitReportReporter -->
<testsuite hostname="PC" name="dashboard.test_module.panel.NewTest" tests="1" failures="0" timestamp="16 Sep 2015 19:00:07 GMT" time="1.561" errors="0">
  <testcase name="f" time="1.561" classname="dashboard.test_module.panel.NewTest"/>
</testsuite> <!-- dashboard.test_module.panel.NewTest -->
