<?xml version="1.0" encoding="UTF-8"?>
<!-- Generated by org.testng.reporters.JUnitReportReporter -->
<testsuite hostname="Thuong_Le" name="dashboard.test_module.DA_MP_TC016" tests="1" failures="0" timestamp="22 Aug 2015 16:00:53 GMT" time="41.230" errors="0">
  <testcase name="DA_MP_TC016_TC" time="41.230" classname="dashboard.test_module.DA_MP_TC016"/>
</testsuite> <!-- dashboard.test_module.DA_MP_TC016 -->
