<?xml version="1.0" encoding="UTF-8"?>
<!-- Generated by org.testng.reporters.JUnitReportReporter -->
<testsuite hostname="Thuong_Le" name="dashboard.test_module.panel.DA_PANEL_TC040" tests="1" failures="0" timestamp="23 Aug 2015 16:09:03 GMT" time="7.818" errors="0">
  <testcase name="DA_PANEL_TC040_TC" time="7.818" classname="dashboard.test_module.panel.DA_PANEL_TC040"/>
</testsuite> <!-- dashboard.test_module.panel.DA_PANEL_TC040 -->
