<?xml version="1.0" encoding="UTF-8"?>
<!-- Generated by org.testng.reporters.JUnitReportReporter -->
<testsuite hostname="PC" name="dashboard.test_module.panel.DA_PANEL_TC041" tests="1" failures="0" timestamp="31 Aug 2015 13:44:57 GMT" time="14.067" errors="0">
  <testcase name="DA_PANEL_TC041_TC" time="14.067" classname="dashboard.test_module.panel.DA_PANEL_TC041"/>
</testsuite> <!-- dashboard.test_module.panel.DA_PANEL_TC041 -->
