<?xml version="1.0" encoding="UTF-8"?>
<!-- Generated by org.testng.reporters.JUnitReportReporter -->
<testsuite hostname="LGVN14944" name="dashboard.test_module.panel.DA_PANEL_TC_061" tests="1" failures="0" timestamp="4 Sep 2015 19:03:29 GMT" time="13.469" errors="0">
  <testcase name="main" time="13.469" classname="dashboard.test_module.panel.DA_PANEL_TC_061"/>
</testsuite> <!-- dashboard.test_module.panel.DA_PANEL_TC_061 -->
