<?xml version="1.0" encoding="UTF-8"?>
<!-- Generated by org.testng.reporters.JUnitReportReporter -->
<testsuite hostname="lgvn11253" name="dashboard.test_module.panel.DA_PANEL_TC040" tests="1" failures="0" timestamp="24 Aug 2015 04:23:56 GMT" time="35.779" errors="0">
  <testcase name="DA_PANEL_TC040_TC" time="35.779" classname="dashboard.test_module.panel.DA_PANEL_TC040"/>
</testsuite> <!-- dashboard.test_module.panel.DA_PANEL_TC040 -->
