<?xml version="1.0" encoding="UTF-8"?>
<!-- Generated by org.testng.reporters.JUnitReportReporter -->
<testsuite hostname="LGVN14944" name="dashboard.test_module.panel.DA_PANEL_TC030" tests="1" failures="0" timestamp="4 Sep 2015 18:12:01 GMT" time="2.788" errors="0">
  <testcase name="main" time="2.788" classname="dashboard.test_module.panel.DA_PANEL_TC030"/>
</testsuite> <!-- dashboard.test_module.panel.DA_PANEL_TC030 -->
