<?xml version="1.0" encoding="UTF-8"?>
<!-- Generated by org.testng.reporters.JUnitReportReporter -->
<testsuite hostname="LGVN14944" name="dashboard.test_module.mainpage.DA_MP_TC019" tests="1" failures="0" timestamp="30 Aug 2015 18:31:32 GMT" time="27.922" errors="0">
  <testcase name="main" time="27.922" classname="dashboard.test_module.mainpage.DA_MP_TC019"/>
</testsuite> <!-- dashboard.test_module.mainpage.DA_MP_TC019 -->
